

***********************************************************************
Fatal NI connect error 12560, connecting to:
 (DESCRIPTION=(ADDRESS=(PROTOCOL=TCP)(HOST=172.17.37.51)(PORT=1521))(CONNECT_DATA=(SID=reponnoc)(CID=(PROGRAM=httpd)(HOST=desannoc.vtr.cl)(USER=nobody))))

  VERSION INFORMATION:
	TNS for Linux: Version 10.2.0.2.0 - Production
	TCP/IP NT Protocol Adapter for Linux: Version 10.2.0.2.0 - Production
  Time: 04-APR-2012 12:20:04
  Tracing not turned on.
  Tns error struct:
    ns main err code: 12560
    TNS-12560: TNS:protocol adapter error
    ns secondary err code: 0
    nt main err code: 530
    TNS-00530: Protocol adapter error
    nt secondary err code: 113


***********************************************************************
Fatal NI connect error 12560, connecting to:
 (DESCRIPTION=(ADDRESS=(PROTOCOL=TCP)(HOST=172.17.37.122)(PORT=1521))(CONNECT_DATA=(SID=orannoc)(CID=(PROGRAM=httpd)(HOST=desannoc.vtr.cl)(USER=nobody))))

  VERSION INFORMATION:
	TNS for Linux: Version 10.2.0.2.0 - Production
	TCP/IP NT Protocol Adapter for Linux: Version 10.2.0.2.0 - Production
  Time: 04-APR-2012 12:30:04
  Tracing not turned on.
  Tns error struct:
    ns main err code: 12560
    TNS-12560: TNS:protocol adapter error
    ns secondary err code: 0
    nt main err code: 530
    TNS-00530: Protocol adapter error
    nt secondary err code: 113


***********************************************************************
Fatal NI connect error 12170.

  VERSION INFORMATION:
	TNS for Linux: Version 10.2.0.2.0 - Production
	TCP/IP NT Protocol Adapter for Linux: Version 10.2.0.2.0 - Production
  Time: 04-APR-2012 12:33:10
  Tracing not turned on.
  Tns error struct:
    ns main err code: 12535
    TNS-12535: TNS:operation timed out
    ns secondary err code: 12560
    nt main err code: 505
    TNS-00505: Operation timed out
    nt secondary err code: 110
    nt OS err code: 0
    nt OS err code: 0


***********************************************************************
Fatal NI connect error 12560, connecting to:
 (DESCRIPTION=(ADDRESS=(PROTOCOL=TCP)(HOST=172.17.37.51)(PORT=1521))(CONNECT_DATA=(SID=reponnoc)(CID=(PROGRAM=httpd)(HOST=desannoc.vtr.cl)(USER=nobody))))

  VERSION INFORMATION:
	TNS for Linux: Version 10.2.0.2.0 - Production
	TCP/IP NT Protocol Adapter for Linux: Version 10.2.0.2.0 - Production
  Time: 04-APR-2012 12:40:04
  Tracing not turned on.
  Tns error struct:
    ns main err code: 12560
    TNS-12560: TNS:protocol adapter error
    ns secondary err code: 0
    nt main err code: 530
    TNS-00530: Protocol adapter error
    nt secondary err code: 113
    nt OS err code: 0
    nt OS err code: 0
  Client address: <unknown>


***********************************************************************
Fatal NI connect error 12560, connecting to:
 (DESCRIPTION=(ADDRESS=(PROTOCOL=TCP)(HOST=172.17.37.51)(PORT=1521))(CONNECT_DATA=(SID=reponnoc)(CID=(PROGRAM=httpd)(HOST=desannoc.vtr.cl)(USER=nobody))))

  VERSION INFORMATION:
	TNS for Linux: Version 10.2.0.2.0 - Production
	TCP/IP NT Protocol Adapter for Linux: Version 10.2.0.2.0 - Production
  Time: 04-APR-2012 13:00:04
  Tracing not turned on.
  Tns error struct:
    ns main err code: 12560
    TNS-12560: TNS:protocol adapter error
    ns secondary err code: 0
    nt main err code: 530
    TNS-00530: Protocol adapter error
    nt secondary err code: 113


***********************************************************************
Fatal NI connect error 12560, connecting to:
 (DESCRIPTION=(ADDRESS=(PROTOCOL=TCP)(HOST=172.17.37.51)(PORT=1521))(CONNECT_DATA=(SID=reponnoc)(CID=(PROGRAM=httpd)(HOST=desannoc.vtr.cl)(USER=nobody))))

  VERSION INFORMATION:
	TNS for Linux: Version 10.2.0.2.0 - Production
	TCP/IP NT Protocol Adapter for Linux: Version 10.2.0.2.0 - Production
  Time: 04-APR-2012 13:10:04
  Tracing not turned on.
  Tns error struct:
    ns main err code: 12560
    TNS-12560: TNS:protocol adapter error
    ns secondary err code: 0
    nt main err code: 530
    TNS-00530: Protocol adapter error
    nt secondary err code: 113
    nt OS err code: 0


***********************************************************************
Fatal NI connect error 12170.

  VERSION INFORMATION:
	TNS for Linux: Version 10.2.0.2.0 - Production
	TCP/IP NT Protocol Adapter for Linux: Version 10.2.0.2.0 - Production
  Time: 04-APR-2012 13:13:10
  Tracing not turned on.
  Tns error struct:
    ns main err code: 12535
    TNS-12535: TNS:operation timed out
    ns secondary err code: 12560
    nt main err code: 505
    TNS-00505: Operation timed out
    nt secondary err code: 110
    nt OS err code: 0
  Client address: <unknown>
    nt OS err code: 0


***********************************************************************
Fatal NI connect error 12560, connecting to:
 (DESCRIPTION=(ADDRESS=(PROTOCOL=TCP)(HOST=172.17.37.51)(PORT=1521))(CONNECT_DATA=(SID=reponnoc)(CID=(PROGRAM=httpd)(HOST=desannoc.vtr.cl)(USER=nobody))))

  VERSION INFORMATION:
	TNS for Linux: Version 10.2.0.2.0 - Production
	TCP/IP NT Protocol Adapter for Linux: Version 10.2.0.2.0 - Production
  Time: 04-APR-2012 13:20:04
  Tracing not turned on.
  Tns error struct:
    ns main err code: 12560
    TNS-12560: TNS:protocol adapter error
    ns secondary err code: 0
    nt main err code: 530
    TNS-00530: Protocol adapter error
    nt secondary err code: 113
    nt OS err code: 0


***********************************************************************
Fatal NI connect error 12170.

  VERSION INFORMATION:
	TNS for Linux: Version 10.2.0.2.0 - Production
	TCP/IP NT Protocol Adapter for Linux: Version 10.2.0.2.0 - Production
  Time: 04-APR-2012 13:33:10
  Tracing not turned on.
  Tns error struct:
    ns main err code: 12535
    TNS-12535: TNS:operation timed out
    ns secondary err code: 12560
    nt main err code: 505
    TNS-00505: Operation timed out
    nt secondary err code: 110
    nt OS err code: 0
  Client address: <unknown>


***********************************************************************
Fatal NI connect error 12560, connecting to:
 (DESCRIPTION=(ADDRESS=(PROTOCOL=TCP)(HOST=172.17.37.51)(PORT=1521))(CONNECT_DATA=(SID=reponnoc)(CID=(PROGRAM=httpd)(HOST=desannoc.vtr.cl)(USER=nobody))))

  VERSION INFORMATION:
	TNS for Linux: Version 10.2.0.2.0 - Production
	TCP/IP NT Protocol Adapter for Linux: Version 10.2.0.2.0 - Production
  Time: 04-APR-2012 14:05:04
  Tracing not turned on.
  Tns error struct:
    ns main err code: 12560
    TNS-12560: TNS:protocol adapter error
    ns secondary err code: 0
    nt main err code: 530
    TNS-00530: Protocol adapter error
    nt secondary err code: 113
    nt OS err code: 0


***********************************************************************
Fatal NI connect error 12560, connecting to:
 (DESCRIPTION=(ADDRESS=(PROTOCOL=TCP)(HOST=172.17.37.51)(PORT=1521))(CONNECT_DATA=(SID=reponnoc)(CID=(PROGRAM=httpd)(HOST=desannoc.vtr.cl)(USER=nobody))))

  VERSION INFORMATION:
	TNS for Linux: Version 10.2.0.2.0 - Production
	TCP/IP NT Protocol Adapter for Linux: Version 10.2.0.2.0 - Production
  Time: 04-APR-2012 15:00:04
  Tracing not turned on.
  Tns error struct:
    ns main err code: 12560
    TNS-12560: TNS:protocol adapter error
    ns secondary err code: 0
    nt main err code: 530
    TNS-00530: Protocol adapter error
    nt secondary err code: 113
    nt OS err code: 0


***********************************************************************
Fatal NI connect error 12560, connecting to:
 (DESCRIPTION=(ADDRESS=(PROTOCOL=TCP)(HOST=172.17.37.51)(PORT=1521))(CONNECT_DATA=(SID=reponnoc)(CID=(PROGRAM=httpd)(HOST=desannoc.vtr.cl)(USER=nobody))))

  VERSION INFORMATION:
	TNS for Linux: Version 10.2.0.2.0 - Production
	TCP/IP NT Protocol Adapter for Linux: Version 10.2.0.2.0 - Production
  Time: 18-APR-2012 16:30:04
  Tracing not turned on.
  Tns error struct:
    ns main err code: 12560
    TNS-12560: TNS:protocol adapter error
    ns secondary err code: 0
    nt main err code: 530
    TNS-00530: Protocol adapter error
    nt secondary err code: 113
    nt OS err code: 0


***********************************************************************
Fatal NI connect error 12560, connecting to:
 (DESCRIPTION=(ADDRESS=(PROTOCOL=TCP)(HOST=172.17.37.51)(PORT=1521))(CONNECT_DATA=(SID=reponnoc)(CID=(PROGRAM=httpd)(HOST=desannoc.vtr.cl)(USER=nobody))))

  VERSION INFORMATION:
	TNS for Linux: Version 10.2.0.2.0 - Production
	TCP/IP NT Protocol Adapter for Linux: Version 10.2.0.2.0 - Production
  Time: 18-APR-2012 16:35:04
  Tracing not turned on.
  Tns error struct:
    ns main err code: 12560
    TNS-12560: TNS:protocol adapter error
    ns secondary err code: 0
    nt main err code: 530
    TNS-00530: Protocol adapter error
    nt secondary err code: 113
    nt OS err code: 0


***********************************************************************
Fatal NI connect error 12560, connecting to:
 (DESCRIPTION=(ADDRESS=(PROTOCOL=TCP)(HOST=172.17.37.51)(PORT=1521))(CONNECT_DATA=(SID=reponnoc)(CID=(PROGRAM=httpd)(HOST=desannoc.vtr.cl)(USER=nobody))))

  VERSION INFORMATION:
	TNS for Linux: Version 10.2.0.2.0 - Production
	TCP/IP NT Protocol Adapter for Linux: Version 10.2.0.2.0 - Production
  Time: 03-MAY-2012 10:35:04
  Tracing not turned on.
  Tns error struct:
    ns main err code: 12560
    TNS-12560: TNS:protocol adapter error
    ns secondary err code: 0
    nt main err code: 530
    TNS-00530: Protocol adapter error
    nt secondary err code: 113
    nt OS err code: 0


***********************************************************************
Fatal NI connect error 12560, connecting to:
 (DESCRIPTION=(ADDRESS=(PROTOCOL=TCP)(HOST=172.17.37.122)(PORT=1521))(CONNECT_DATA=(SID=orannoc)(CID=(PROGRAM=httpd)(HOST=desannoc.vtr.cl)(USER=nobody))))

  VERSION INFORMATION:
	TNS for Linux: Version 10.2.0.2.0 - Production
	TCP/IP NT Protocol Adapter for Linux: Version 10.2.0.2.0 - Production
  Time: 22-MAY-2012 16:00:05
  Tracing not turned on.
  Tns error struct:
    ns main err code: 12560
    TNS-12560: TNS:protocol adapter error
    ns secondary err code: 0
    nt main err code: 530
    TNS-00530: Protocol adapter error
    nt secondary err code: 113
    nt OS err code: 0


***********************************************************************
Fatal NI connect error 12560, connecting to:
 (DESCRIPTION=(ADDRESS=(PROTOCOL=TCP)(HOST=172.17.37.51)(PORT=1521))(CONNECT_DATA=(SID=reponnoc)(CID=(PROGRAM=httpd)(HOST=desannoc.vtr.cl)(USER=nobody))))

  VERSION INFORMATION:
	TNS for Linux: Version 10.2.0.2.0 - Production
	TCP/IP NT Protocol Adapter for Linux: Version 10.2.0.2.0 - Production
  Time: 22-MAY-2012 16:30:04
  Tracing not turned on.
  Tns error struct:
    ns main err code: 12560
    TNS-12560: TNS:protocol adapter error
    ns secondary err code: 0
    nt main err code: 530
    TNS-00530: Protocol adapter error
    nt secondary err code: 113
    nt OS err code: 0


***********************************************************************
Fatal NI connect error 12560, connecting to:
 (DESCRIPTION=(ADDRESS=(PROTOCOL=TCP)(HOST=172.17.37.51)(PORT=1521))(CONNECT_DATA=(SID=reponnoc)(CID=(PROGRAM=httpd)(HOST=desannoc.vtr.cl)(USER=nobody))))

  VERSION INFORMATION:
	TNS for Linux: Version 10.2.0.2.0 - Production
	TCP/IP NT Protocol Adapter for Linux: Version 10.2.0.2.0 - Production
  Time: 22-MAY-2012 16:40:04
  Tracing not turned on.
  Tns error struct:
    ns main err code: 12560
    TNS-12560: TNS:protocol adapter error
    ns secondary err code: 0
    nt main err code: 530
    TNS-00530: Protocol adapter error
    nt secondary err code: 113
    nt OS err code: 0
